<?xml version="1.0" encoding="UTF-8"?>
<!-- Generated by org.testng.reporters.JUnitXMLReporter -->
<testsuite ignored="0" hostname="LAPTOP-HLGI9113" failures="2" tests="2" name="BankingApp ChromeTest" time="12.829" errors="0" timestamp="2021-03-16T21:36:24 IST">
  <testcase classname="com.inetbanking.testcases.TC_LoginTest_002" name="login" time="2.429">
    <failure type="java.lang.AssertionError" message="Wrong username or password">
      <![CDATA[java.lang.AssertionError: Wrong username or password
at com.inetbanking.testcases.TC_LoginTest_002.login(TC_LoginTest_002.java:41)
at java.base/java.util.ArrayList.forEach(ArrayList.java:1541)
... Removed 32 stack frames]]>
    </failure>
  </testcase> <!-- login -->
  <testcase classname="com.inetbanking.testcases.TC_LoginTest_002" name="login" time="2.906">
    <failure type="java.lang.NullPointerException">
      <![CDATA[java.lang.NullPointerException
at com.inetbanking.utilities.ExtentReport.onTestFailure(ExtentReport.java:55)
at java.base/java.util.ArrayList.forEach(ArrayList.java:1541)
... Removed 28 stack frames]]>
    </failure>
  </testcase> <!-- login -->
</testsuite> <!-- BankingApp ChromeTest -->
